
日志时间：2013-05-20 10:10:03,795 [11] 
日志级别：INFO  
日 志 类：loginfo [(null)] 

发送给15906194763 内容为:
      高鹏，你好！杜珉周 讲授的《guohl测试0518》课程将于 2013-05-19 16:51 开设，请及时进入培训管理系统“我的培训―可预订课程”页面进行报名。【此消息无需回复】-教育培训部
    ，发送成功 

日志时间：2013-05-20 10:11:06,524 [10] 
日志级别：INFO  
日 志 类：loginfo [(null)] 

发送给15906194763 内容为:
      朱莹，你好！杜珉周 讲授的《guohl测试0518》课程将于 2013-05-19 16:51 开设，请及时进入培训管理系统“我的培训―可预订课程”页面进行报名。【此消息无需回复】-教育培训部
    ，发送成功 

日志时间：2013-05-20 10:11:35,957 [10] 
日志级别：INFO  
日 志 类：loginfo [(null)] 

发送给15906194763 内容为:
      马燕婕，你好！杜珉周 讲授的《guohl测试0518》课程将于 2013-05-19 16:51 开设，请及时进入培训管理系统“我的培训―可预订课程”页面进行报名。【此消息无需回复】-教育培训部
    ，发送成功 

日志时间：2013-05-20 10:13:15,071 [10] 
日志级别：INFO  
日 志 类：loginfo [(null)] 

发送给15906194763 内容为:
      高鹏，你好！杜珉周 讲授的《guohl测试0518》课程将于 2013-05-19 16:51 开设，请及时进入培训管理系统“我的培训―可预订课程”页面进行报名。【此消息无需回复】-教育培训部
    ，发送成功 

日志时间：2013-05-20 18:18:59,155 [10] 
日志级别：INFO  
日 志 类：loginfo [(null)] 

发送给15106177785 内容为:
      郑三妮，你好！事务所已于 2013-05-20 17:35 替你代报了《两个考勤都有》，该课程将于 2013-05-20 17:36 开课，请及时进入培训管理系统“我的培训―已预订课程”页面查看课程详情！【此消息无需回复】-教育培训部
    ，发送失败,错误代码：-1,当前连接状态为：20000短信发送返回错误为：-1 

日志时间：2013-05-20 18:19:24,407 [10] 
日志级别：INFO  
日 志 类：loginfo [(null)] 

发送给15106177785 内容为:
      傅洪佳，你好！事务所已于 2013-05-20 17:35 替你代报了《两个考勤都有》，该课程将于 2013-05-20 17:36 开课，请及时进入培训管理系统“我的培训―已预订课程”页面查看课程详情！【此消息无需回复】-教育培训部
    ，发送成功 

日志时间：2013-05-20 18:19:51,329 [10] 
日志级别：INFO  
日 志 类：loginfo [(null)] 

发送给15106177785 内容为:
      杜珉周，你好！事务所已于 2013-05-20 17:35 替你代报了《两个考勤都有》，该课程将于 2013-05-20 17:36 开课，请及时进入培训管理系统“我的培训―已预订课程”页面查看课程详情！【此消息无需回复】-教育培训部
    ，发送失败,错误代码：-1,当前连接状态为：20000短信发送返回错误为：-1 

日志时间：2013-05-20 18:23:00,633 [11] 
日志级别：INFO  
日 志 类：loginfo [(null)] 

发送给15906194763 内容为:
      刘峰，你好！杜珉周 讲授的《guohl测试0518》课程将于 2013-05-19 16:51 开设，请及时进入培训管理系统“我的培训―可预订课程”页面进行报名。【此消息无需回复】-教育培训部
    ，发送成功 

日志时间：2013-05-20 18:23:27,468 [11] 
日志级别：INFO  
日 志 类：loginfo [(null)] 

发送给15906194763 内容为:
      刘峰，你好！杜珉周 讲授的《guohl测试0518》课程将于 2013-05-19 16:51 开设，请及时进入培训管理系统“我的培训―可预订课程”页面进行报名。【此消息无需回复】-教育培训部
    ，发送成功 
