
日志时间：2013-05-13 11:55:05,329 [11] 
日志级别：INFO  
日 志 类：loginfo [(null)] 

发送给159061694763 内容为:
      赵世栋，你好！杜珉周 讲授的《验证而已》课程将于 2013-05-13 13:00 开设，请及时进入培训管理系统“我的培训―可预订课程”页面进行报名。【此消息无需回复】-教育培训部
    ，发送成功 

日志时间：2013-05-13 11:57:01,067 [10] 
日志级别：INFO  
日 志 类：loginfo [(null)] 

发送给15906194763 内容为:
      赵世栋，你好！杜珉周 讲授的《验证而已》课程将于 2013-05-13 13:00 开设，请及时进入培训管理系统“我的培训―可预订课程”页面进行报名。【此消息无需回复】-教育培训部
    ，发送成功 

日志时间：2013-05-13 12:01:30,453 [10] 
日志级别：INFO  
日 志 类：loginfo [(null)] 

发送给15906194763 内容为:
      周嵘，你好！你于 2013-05-13 11:48 报名的《验证而已》已从排队状态变更为报名成功,请详见培训管理系统“我的培训―已预订课程”页面。【此消息无需回复】-教育培训部
    ，发送成功 

日志时间：2013-05-13 12:01:33,255 [10] 
日志级别：INFO  
日 志 类：loginfo [(null)] 

发送给15906194763 内容为:
      杜珉周，你好！你所讲授的课程《验证而已》将于 2013-05-13 13:00 在 教室111 开课，详情请见培训管理系统“我的培训―我的授课课程”页面。【此消息无需回复】-教育培训部
    ，发送成功 

日志时间：2013-05-13 13:37:42,189 [8] 
日志级别：INFO  
日 志 类：loginfo [(null)] 

发送给15906194763 内容为:
      邬晓雯，你好！黄晔 老师已于 2013-05-13 13:36 替你代报了《2个指定》，该课程将于 2013-05-13 13:37 开课，请及时进入培训管理系统“我的培训―已预订课程”页面查看课程详情！【此消息无需回复】-教育培训部
    ，发送失败短信发送返回错误为：4 

日志时间：2013-05-13 13:37:45,151 [8] 
日志级别：INFO  
日 志 类：loginfo [(null)] 

发送给15906194763 内容为:
      陈宋婷，你好！黄晔 老师已于 2013-05-13 13:36 替你代报了《2个指定》，该课程将于 2013-05-13 13:37 开课，请及时进入培训管理系统“我的培训―已预订课程”页面查看课程详情！【此消息无需回复】-教育培训部
    ，发送失败短信发送返回错误为：4 

日志时间：2013-05-13 13:37:47,771 [8] 
日志级别：INFO  
日 志 类：loginfo [(null)] 

发送给15906194763 内容为:
      陈勇，你好！黄晔 老师已于 2013-05-13 13:36 替你代报了《2个指定》，该课程将于 2013-05-13 13:37 开课，请及时进入培训管理系统“我的培训―已预订课程”页面查看课程详情！【此消息无需回复】-教育培训部
    ，发送失败短信发送返回错误为：4 

日志时间：2013-05-13 13:37:50,427 [8] 
日志级别：INFO  
日 志 类：loginfo [(null)] 

发送给15906194763 内容为:
      许洁(29)，你好！黄晔 老师已于 2013-05-13 13:36 替你代报了《2个指定》，该课程将于 2013-05-13 13:37 开课，请及时进入培训管理系统“我的培训―已预订课程”页面查看课程详情！【此消息无需回复】-教育培训部
    ，发送失败短信发送返回错误为：4 

日志时间：2013-05-13 13:37:53,102 [8] 
日志级别：INFO  
日 志 类：loginfo [(null)] 

发送给15906194763 内容为:
      王琴，你好！黄晔 老师已于 2013-05-13 13:36 替你代报了《2个指定》，该课程将于 2013-05-13 13:37 开课，请及时进入培训管理系统“我的培训―已预订课程”页面查看课程详情！【此消息无需回复】-教育培训部
    ，发送失败短信发送返回错误为：4 

日志时间：2013-05-13 13:37:55,783 [8] 
日志级别：INFO  
日 志 类：loginfo [(null)] 

发送给15906194763 内容为:
      胡思源，你好！黄晔 老师已于 2013-05-13 13:36 替你代报了《2个指定》，该课程将于 2013-05-13 13:37 开课，请及时进入培训管理系统“我的培训―已预订课程”页面查看课程详情！【此消息无需回复】-教育培训部
    ，发送失败短信发送返回错误为：4 

日志时间：2013-05-13 13:37:58,429 [8] 
日志级别：INFO  
日 志 类：loginfo [(null)] 

发送给15906194763 内容为:
      王~Y，你好！黄晔 老师已于 2013-05-13 13:36 替你代报了《2个指定》，该课程将于 2013-05-13 13:37 开课，请及时进入培训管理系统“我的培训―已预订课程”页面查看课程详情！【此消息无需回复】-教育培训部
    ，发送失败短信发送返回错误为：4 

日志时间：2013-05-13 13:38:01,104 [8] 
日志级别：INFO  
日 志 类：loginfo [(null)] 

发送给15906194763 内容为:
      魏毅清，你好！黄晔 老师已于 2013-05-13 13:36 替你代报了《2个指定》，该课程将于 2013-05-13 13:37 开课，请及时进入培训管理系统“我的培训―已预订课程”页面查看课程详情！【此消息无需回复】-教育培训部
    ，发送失败短信发送返回错误为：4 

日志时间：2013-05-13 13:38:03,782 [8] 
日志级别：INFO  
日 志 类：loginfo [(null)] 

发送给15906194763 内容为:
      杨艳，你好！黄晔 老师已于 2013-05-13 13:36 替你代报了《2个指定》，该课程将于 2013-05-13 13:37 开课，请及时进入培训管理系统“我的培训―已预订课程”页面查看课程详情！【此消息无需回复】-教育培训部
    ，发送失败短信发送返回错误为：4 

日志时间：2013-05-13 13:38:06,495 [8] 
日志级别：INFO  
日 志 类：loginfo [(null)] 

发送给15906194763 内容为:
      迟媛，你好！黄晔 老师已于 2013-05-13 13:36 替你代报了《2个指定》，该课程将于 2013-05-13 13:37 开课，请及时进入培训管理系统“我的培训―已预订课程”页面查看课程详情！【此消息无需回复】-教育培训部
    ，发送失败短信发送返回错误为：4 

日志时间：2013-05-13 13:38:09,210 [8] 
日志级别：INFO  
日 志 类：loginfo [(null)] 

发送给15906194763 内容为:
      夏婵玉，你好！黄晔 老师已于 2013-05-13 13:36 替你代报了《预订AD和指定》，该课程将于 2013-05-14 11:21 开课，请及时进入培训管理系统“我的培训―已预订课程”页面查看课程详情！【此消息无需回复】-教育培训部
    ，发送失败短信发送返回错误为：4 

日志时间：2013-05-13 13:38:11,912 [8] 
日志级别：INFO  
日 志 类：loginfo [(null)] 

发送给15906194763 内容为:
      吉佳，你好！黄晔 老师已于 2013-05-13 13:36 替你代报了《预订AD和指定》，该课程将于 2013-05-14 11:21 开课，请及时进入培训管理系统“我的培训―已预订课程”页面查看课程详情！【此消息无需回复】-教育培训部
    ，发送失败短信发送返回错误为：4 

日志时间：2013-05-13 13:38:14,604 [8] 
日志级别：INFO  
日 志 类：loginfo [(null)] 

发送给15906194763 内容为:
      史壬乐，你好！黄晔 老师已于 2013-05-13 13:36 替你代报了《预订AD和指定》，该课程将于 2013-05-14 11:21 开课，请及时进入培训管理系统“我的培训―已预订课程”页面查看课程详情！【此消息无需回复】-教育培训部
    ，发送失败短信发送返回错误为：4 

日志时间：2013-05-13 13:38:17,292 [8] 
日志级别：INFO  
日 志 类：loginfo [(null)] 

发送给15906194763 内容为:
      王琴，你好！黄晔 老师已于 2013-05-13 13:36 替你代报了《预订AD和指定》，该课程将于 2013-05-14 11:21 开课，请及时进入培训管理系统“我的培训―已预订课程”页面查看课程详情！【此消息无需回复】-教育培训部
    ，发送失败短信发送返回错误为：4 

日志时间：2013-05-13 13:38:19,966 [8] 
日志级别：INFO  
日 志 类：loginfo [(null)] 

发送给15906194763 内容为:
      张金娣，你好！黄晔 老师已于 2013-05-13 13:36 替你代报了《预订AD和指定》，该课程将于 2013-05-14 11:21 开课，请及时进入培训管理系统“我的培训―已预订课程”页面查看课程详情！【此消息无需回复】-教育培训部
    ，发送失败短信发送返回错误为：4 

日志时间：2013-05-13 13:38:22,646 [8] 
日志级别：INFO  
日 志 类：loginfo [(null)] 

发送给15906194763 内容为:
      胡思源，你好！黄晔 老师已于 2013-05-13 13:36 替你代报了《预订AD和指定》，该课程将于 2013-05-14 11:21 开课，请及时进入培训管理系统“我的培训―已预订课程”页面查看课程详情！【此消息无需回复】-教育培训部
    ，发送失败短信发送返回错误为：4 

日志时间：2013-05-13 13:38:25,312 [8] 
日志级别：INFO  
日 志 类：loginfo [(null)] 

发送给15906194763 内容为:
      王~Y，你好！黄晔 老师已于 2013-05-13 13:36 替你代报了《预订AD和指定》，该课程将于 2013-05-14 11:21 开课，请及时进入培训管理系统“我的培训―已预订课程”页面查看课程详情！【此消息无需回复】-教育培训部
    ，发送失败短信发送返回错误为：4 

日志时间：2013-05-13 13:38:27,977 [8] 
日志级别：INFO  
日 志 类：loginfo [(null)] 

发送给15906194763 内容为:
      魏毅清，你好！黄晔 老师已于 2013-05-13 13:36 替你代报了《预订AD和指定》，该课程将于 2013-05-14 11:21 开课，请及时进入培训管理系统“我的培训―已预订课程”页面查看课程详情！【此消息无需回复】-教育培训部
    ，发送失败短信发送返回错误为：4 

日志时间：2013-05-13 13:38:30,613 [8] 
日志级别：INFO  
日 志 类：loginfo [(null)] 

发送给15906194763 内容为:
      杨艳，你好！黄晔 老师已于 2013-05-13 13:36 替你代报了《预订AD和指定》，该课程将于 2013-05-14 11:21 开课，请及时进入培训管理系统“我的培训―已预订课程”页面查看课程详情！【此消息无需回复】-教育培训部
    ，发送失败短信发送返回错误为：4 

日志时间：2013-05-13 13:38:34,428 [8] 
日志级别：INFO  
日 志 类：loginfo [(null)] 

发送给15906194763 内容为:
      迟媛，你好！黄晔 老师已于 2013-05-13 13:36 替你代报了《预订AD和指定》，该课程将于 2013-05-14 11:21 开课，请及时进入培训管理系统“我的培训―已预订课程”页面查看课程详情！【此消息无需回复】-教育培训部
    ，发送失败短信发送返回错误为：4 

日志时间：2013-05-13 13:38:37,073 [8] 
日志级别：INFO  
日 志 类：loginfo [(null)] 

发送给15906194763 内容为:
      胡枳婷，你好！黄晔 老师已于 2013-05-13 13:37 替你代报了《预订AD和指定》，该课程将于 2013-05-14 11:21 开课，请及时进入培训管理系统“我的培训―已预订课程”页面查看课程详情！【此消息无需回复】-教育培训部
    ，发送失败短信发送返回错误为：4 

日志时间：2013-05-13 13:38:39,692 [8] 
日志级别：INFO  
日 志 类：loginfo [(null)] 

发送给15906194763 内容为:
      林烨，你好！黄晔 老师已于 2013-05-13 13:37 替你代报了《预订AD和指定》，该课程将于 2013-05-14 11:21 开课，请及时进入培训管理系统“我的培训―已预订课程”页面查看课程详情！【此消息无需回复】-教育培训部
    ，发送失败短信发送返回错误为：4 

日志时间：2013-05-13 13:38:42,298 [8] 
日志级别：INFO  
日 志 类：loginfo [(null)] 

发送给15906194763 内容为:
      曹吴基，你好！黄晔 老师已于 2013-05-13 13:37 替你代报了《预订AD和指定》，该课程将于 2013-05-14 11:21 开课，请及时进入培训管理系统“我的培训―已预订课程”页面查看课程详情！【此消息无需回复】-教育培训部
    ，发送失败短信发送返回错误为：4 

日志时间：2013-05-13 13:38:44,895 [8] 
日志级别：INFO  
日 志 类：loginfo [(null)] 

发送给15906194763 内容为:
      王黎晖，你好！黄晔 老师已于 2013-05-13 13:37 替你代报了《预订AD和指定》，该课程将于 2013-05-14 11:21 开课，请及时进入培训管理系统“我的培训―已预订课程”页面查看课程详情！【此消息无需回复】-教育培训部
    ，发送失败短信发送返回错误为：4 

日志时间：2013-05-13 13:38:47,519 [8] 
日志级别：INFO  
日 志 类：loginfo [(null)] 

发送给15906194763 内容为:
      赵海峰，你好！黄晔 老师已于 2013-05-13 13:37 替你代报了《预订AD和指定》，该课程将于 2013-05-14 11:21 开课，请及时进入培训管理系统“我的培训―已预订课程”页面查看课程详情！【此消息无需回复】-教育培训部
    ，发送失败短信发送返回错误为：4 

日志时间：2013-05-13 13:38:50,153 [8] 
日志级别：INFO  
日 志 类：loginfo [(null)] 

发送给15906194763 内容为:
      项陈彦，你好！黄晔 老师已于 2013-05-13 13:37 替你代报了《预订AD和指定》，该课程将于 2013-05-14 11:21 开课，请及时进入培训管理系统“我的培训―已预订课程”页面查看课程详情！【此消息无需回复】-教育培训部
    ，发送失败短信发送返回错误为：4 

日志时间：2013-05-13 13:38:52,791 [8] 
日志级别：INFO  
日 志 类：loginfo [(null)] 

发送给15906194763 内容为:
      卢君，你好！黄晔 老师已于 2013-05-13 13:37 替你代报了《预订AD和指定》，该课程将于 2013-05-14 11:21 开课，请及时进入培训管理系统“我的培训―已预订课程”页面查看课程详情！【此消息无需回复】-教育培训部
    ，发送失败短信发送返回错误为：4 
