
日志时间：2013-04-25 13:13:55,828 [1] 
日志级别：INFO  
日 志 类：loginfo [(null)] 
2013/4/25 13:13:55:
      杜珉周，你好！你的课程《排队中更改，短信邮件提醒》于 2013-04-25 13:24 即将在 1 开课！
    ,已经发送成功 

日志时间：2013-04-25 13:13:56,454 [1] 
日志级别：INFO  
日 志 类：loginfo [(null)] 
2013/4/25 13:13:56:
      夏欢，你好！2013-04-25 13:24 开设的课程《排队中更改，短信邮件提醒》等待你的报名！
    ,已经发送成功 

日志时间：2013-04-25 13:13:56,462 [1] 
日志级别：INFO  
日 志 类：loginfo [(null)] 
2013/4/25 13:13:56:
      周嵘，你好！2013-04-25 13:24 开设的课程《排队中更改，短信邮件提醒》等待你的报名！
    ,已经发送成功 

日志时间：2013-04-25 13:13:58,224 [1] 
日志级别：INFO  
日 志 类：loginfo [(null)] 
2013/4/25 13:13:58:
      杜珉周，你好！你的课程《排队中更改，短信邮件提醒》于 2013-04-25 13:24 即将在 1 开课！
    ,已经发送成功 

日志时间：2013-04-25 13:13:58,823 [1] 
日志级别：INFO  
日 志 类：loginfo [(null)] 
2013/4/25 13:13:58:
      杜珉周，你好！你的课程《排队中更改，短信邮件提醒》于 2013-04-25 13:24 即将在 1 开课！
    ,已经发送成功 

日志时间：2013-04-25 13:13:59,418 [1] 
日志级别：INFO  
日 志 类：loginfo [(null)] 
2013/4/25 13:13:59:
      杜珉周，你好！你的课程《排队中更改，短信邮件提醒》于 2013-04-25 13:24 即将在 1 开课！
    ,已经发送成功 

日志时间：2013-04-25 13:14:00,018 [1] 
日志级别：INFO  
日 志 类：loginfo [(null)] 
2013/4/25 13:14:00:
      杜珉周，你好！你的课程《排队中更改，短信邮件提醒》于 2013-04-25 13:24 即将在 1 开课！
    ,已经发送成功 

日志时间：2013-04-25 15:04:40,247 [1] 
日志级别：INFO  
日 志 类：loginfo [(null)] 
2013/4/25 15:04:40:
      周嵘，你好！2013-04-19 16:10 开设的课程《提示信息》等待你的报名！
    ,已经发送成功 

日志时间：2013-04-25 15:04:40,267 [1] 
日志级别：INFO  
日 志 类：loginfo [(null)] 
2013/4/25 15:04:40:
      冯惠俊，你好！2013-04-19 16:10 开设的课程《提示信息》等待你的报名！
    ,已经发送成功 

日志时间：2013-04-25 15:04:44,469 [1] 
日志级别：INFO  
日 志 类：loginfo [(null)] 
2013/4/25 15:04:41:
      胥晗婷，你好！于 2013-04-25 13:51 翟小民帮你代报名了《重新建一个》，该课程于 2013-04-25 16:50 开课！
    ,已经发送成功 

日志时间：2013-04-25 15:04:47,476 [1] 
日志级别：INFO  
日 志 类：loginfo [(null)] 
2013/4/25 15:04:44:
      朱浩，你好！于 2013-04-25 13:51 翟小民帮你代报名了《重新建一个》，该课程于 2013-04-25 16:50 开课！
    ,已经发送成功 

日志时间：2013-04-25 15:04:51,100 [1] 
日志级别：INFO  
日 志 类：loginfo [(null)] 
2013/4/25 15:04:48:
      李成显，你好！你的课程《课程时间段不同1-后发布的提前》于 2013-04-25 15:52 即将在 教室gyy 开课！
    ,已经发送成功 

日志时间：2013-04-25 15:04:54,109 [1] 
日志级别：INFO  
日 志 类：loginfo [(null)] 
2013/4/25 15:04:51:
      李成显，你好！你的课程《课程时间段不同-发布后推迟》于 2013-04-25 15:57 即将在 教室gyy 开课！
    ,已经发送成功 

日志时间：2013-04-25 15:04:54,721 [1] 
日志级别：INFO  
日 志 类：loginfo [(null)] 
2013/4/25 15:04:54:
      周嵘，你好！2013-04-19 16:10 开设的课程《提示信息》等待你的报名！
    ,已经发送成功 

日志时间：2013-04-25 15:04:54,731 [1] 
日志级别：INFO  
日 志 类：loginfo [(null)] 
2013/4/25 15:04:54:
      冯惠俊，你好！2013-04-19 16:10 开设的课程《提示信息》等待你的报名！
    ,已经发送成功 
